2023-05-18 20:37:45,519 [info] program started
2023-05-18 20:37:45,519 [info] user database: c:\Users\nescap\Documents\GitHub\school-shit-22-23\Gestion Exam\data\users.json
2023-05-18 20:37:45,520 [info] actions: e - Mode élève
2023-05-18 20:37:45,520 [info] actions: p - Mode prof
2023-05-18 20:37:45,520 [info] actions: x - Reset
2023-05-18 20:37:45,520 [info] actions: l - Liste
2023-05-18 20:37:45,520 [info] actions: q - Quitter
2023-05-18 20:38:45,489 [info] input: q
2023-05-18 20:38:45,489 [info] program quit
2023-05-18 22:09:25,244 [info] program started
2023-05-18 22:09:25,244 [info] user database: c:\Users\nescap\Documents\GitHub\school-shit-22-23\Gestion Exam\data\users.json
2023-05-18 22:09:25,246 [info] actions: e - Mode élève
2023-05-18 22:09:25,247 [info] actions: p - Mode prof
2023-05-18 22:09:25,247 [info] actions: x - Reset
2023-05-18 22:09:25,247 [info] actions: l - Liste
2023-05-18 22:09:25,247 [info] actions: q - Quitter
2023-05-18 22:09:28,636 [info] input: l
2023-05-18 22:09:28,637 [info] actions: e - Mode élève
2023-05-18 22:09:28,637 [info] actions: p - Mode prof
2023-05-18 22:09:28,637 [info] actions: x - Reset
2023-05-18 22:09:28,637 [info] actions: l - Liste
2023-05-18 22:09:28,637 [info] actions: q - Quitter
2023-05-18 22:09:35,449 [info] input: x
2023-05-18 22:09:35,449 [info] resetting users initated
2023-05-18 22:09:35,449 [info] created user 'eleve'
2023-05-18 22:09:35,453 [info] created user 'prof'
2023-05-18 22:09:35,456 [info] reset users successfully
2023-05-18 22:09:35,457 [info] actions: e - Mode élève
2023-05-18 22:09:35,457 [info] actions: p - Mode prof
2023-05-18 22:09:35,457 [info] actions: x - Reset
2023-05-18 22:09:35,457 [info] actions: l - Liste
2023-05-18 22:09:35,457 [info] actions: q - Quitter
2023-05-18 22:09:40,609 [info] input: l
2023-05-18 22:09:40,610 [info] actions: e - Mode élève
2023-05-18 22:09:40,610 [info] actions: p - Mode prof
2023-05-18 22:09:40,611 [info] actions: x - Reset
2023-05-18 22:09:40,611 [info] actions: l - Liste
2023-05-18 22:09:40,611 [info] actions: q - Quitter
2023-05-18 22:09:47,947 [info] input: e
2023-05-18 22:09:47,948 [info] actions: l - Login
2023-05-18 22:09:47,948 [info] actions: s - Signup
2023-05-18 22:09:47,948 [info] actions: r - Retour
2023-05-18 22:09:47,949 [info] actions: q - Quitter
2023-05-18 22:09:52,633 [info] input: s
2023-05-18 22:09:55,315 [info] actions: l - Login
2023-05-18 22:09:55,315 [info] actions: s - Signup
2023-05-18 22:09:55,315 [info] actions: r - Retour
2023-05-18 22:09:55,315 [info] actions: q - Quitter
2023-05-18 22:10:04,648 [info] input: l
2023-05-18 22:10:05,880 [info] actions: o - Oui
2023-05-18 22:10:05,880 [info] actions: n - Non
2023-05-18 22:11:02,015 [info] program started
2023-05-18 22:11:02,015 [info] user database: c:\Users\nescap\Documents\GitHub\school-shit-22-23\Gestion Exam\data\users.json
2023-05-18 22:11:02,015 [info] starting to sort users
2023-05-18 22:11:02,016 [info] sorted users successfully
2023-05-18 22:11:02,017 [info] actions: e - Mode élève
2023-05-18 22:11:02,017 [info] actions: p - Mode prof
2023-05-18 22:11:02,017 [info] actions: x - Reset
2023-05-18 22:11:02,017 [info] actions: l - Liste
2023-05-18 22:11:02,017 [info] actions: q - Quitter
2023-05-18 22:11:03,032 [info] input: e
2023-05-18 22:11:03,032 [info] actions: l - Login
2023-05-18 22:11:03,032 [info] actions: s - Signup
2023-05-18 22:11:03,033 [info] actions: r - Retour
2023-05-18 22:11:03,033 [info] actions: q - Quitter
2023-05-18 22:11:07,456 [info] input: l
2023-05-18 22:11:09,409 [info] actions: o - Oui
2023-05-18 22:11:09,409 [info] actions: n - Non
2023-05-18 22:11:15,713 [info] input: o
2023-05-18 22:23:57,760 [info] program started
2023-05-18 22:23:57,760 [info] user database: c:\Users\nescap\Documents\GitHub\school-shit-22-23\Gestion Exam\data\users.json
2023-05-18 22:23:57,761 [info] starting to sort users
2023-05-18 22:23:57,761 [info] sorted users successfully
2023-05-18 22:23:57,762 [info] actions: e - Mode élève
2023-05-18 22:23:57,762 [info] actions: p - Mode prof
2023-05-18 22:23:57,762 [info] actions: x - Reset
2023-05-18 22:23:57,762 [info] actions: l - Liste
2023-05-18 22:23:57,763 [info] actions: q - Quitter
2023-05-18 22:23:59,082 [info] input: p
2023-05-18 22:23:59,083 [info] actions: l - Login
2023-05-18 22:23:59,083 [info] actions: s - Signup
2023-05-18 22:23:59,083 [info] actions: r - Retour
2023-05-18 22:23:59,083 [info] actions: q - Quitter
2023-05-18 22:24:00,620 [info] input: l
2023-05-18 22:24:02,781 [info] actions: 1 - Créer un QCM
2023-05-18 22:24:02,781 [info] actions: 2 - Créer un compte élève
2023-05-18 22:24:02,781 [info] actions: 3 - Consulter les évaluations
2023-05-18 22:24:02,781 [info] actions: q - Quitter
2023-05-18 22:24:09,594 [info] input: q
2023-05-18 22:24:09,594 [info] program quit
